app/build/intermediates/manifest_merge_blame_file/debug/manifest-merger-blame-debug-report.txt
1<?xml version="1.0" encoding="utf-8"?>
2<manifest xmlns:android="http://schemas.android.com/apk/res/android"
3    package="com.example.jara_dreamfairy"
4    android:versionCode="1"
5    android:versionName="1.0" >
6
7    <uses-sdk
8        android:minSdkVersion="24"
8-->src\main\AndroidManifest.xml
9        android:targetSdkVersion="30" />
9-->src\main\AndroidManifest.xml
10
11    <uses-permission android:name="android.permission.INTERNET" />
11-->[com.google.firebase:firebase-auth:20.0.0] AndroidManifest.xml:23:5-67
11-->[com.google.firebase:firebase-auth:20.0.0] AndroidManifest.xml:23:22-64
12    <uses-permission android:name="android.permission.ACCESS_NETWORK_STATE" />
12-->[com.google.firebase:firebase-auth:20.0.0] AndroidManifest.xml:24:5-79
12-->[com.google.firebase:firebase-auth:20.0.0] AndroidManifest.xml:24:22-76
13    <uses-permission android:name="android.permission.WAKE_LOCK" /> <!-- Required by older versions of Google Play services to create IID tokens -->
13-->[com.google.firebase:firebase-iid:21.0.0] AndroidManifest.xml:24:5-68
13-->[com.google.firebase:firebase-iid:21.0.0] AndroidManifest.xml:24:22-65
14    <uses-permission android:name="com.google.android.c2dm.permission.RECEIVE" />
14-->[com.google.firebase:firebase-iid:21.0.0] AndroidManifest.xml:26:5-82
14-->[com.google.firebase:firebase-iid:21.0.0] AndroidManifest.xml:26:22-79
15
16    <application
16-->src\main\AndroidManifest.xml:5:5-29:19
17        android:allowBackup="true"
17-->src\main\AndroidManifest.xml:6:9-35
18        android:appComponentFactory="androidx.core.app.CoreComponentFactory"
18-->[androidx.core:core:1.3.1] AndroidManifest.xml:24:18-86
19        android:debuggable="true"
20        android:extractNativeLibs="false"
21        android:icon="@mipmap/ic_launcher"
21-->src\main\AndroidManifest.xml:7:9-43
22        android:label="@string/app_name"
22-->src\main\AndroidManifest.xml:8:9-41
23        android:roundIcon="@mipmap/ic_launcher_round"
23-->src\main\AndroidManifest.xml:9:9-54
24        android:supportsRtl="true"
24-->src\main\AndroidManifest.xml:10:9-35
25        android:testOnly="true"
26        android:theme="@style/AppTheme" >
26-->src\main\AndroidManifest.xml:11:9-40
27        <activity android:name="com.example.jara_dreamfairy.Setting_Activity" />
27-->src\main\AndroidManifest.xml:12:9-54
27-->src\main\AndroidManifest.xml:12:19-51
28        <activity android:name="com.example.jara_dreamfairy.Achiev_Activity" />
28-->src\main\AndroidManifest.xml:13:9-53
28-->src\main\AndroidManifest.xml:13:19-50
29        <activity android:name="com.example.jara_dreamfairy.MainActivity" />
29-->src\main\AndroidManifest.xml:14:9-50
29-->src\main\AndroidManifest.xml:14:19-47
30        <activity android:name="com.example.jara_dreamfairy.Marketplace_Activity" />
30-->src\main\AndroidManifest.xml:15:9-57
30-->src\main\AndroidManifest.xml:15:19-55
31        <activity android:name="com.example.jara_dreamfairy.Character_equipment_Activity" />
31-->src\main\AndroidManifest.xml:16:9-65
31-->src\main\AndroidManifest.xml:16:19-63
32        <activity android:name="com.example.jara_dreamfairy.Login_Activity" />
32-->src\main\AndroidManifest.xml:17:9-51
32-->src\main\AndroidManifest.xml:17:19-49
33        <activity android:name="com.example.jara_dreamfairy.Start_Activity" />
33-->src\main\AndroidManifest.xml:18:9-51
33-->src\main\AndroidManifest.xml:18:19-49
34        <activity android:name="com.example.jara_dreamfairy.Signup_Activity" />
34-->src\main\AndroidManifest.xml:19:9-52
34-->src\main\AndroidManifest.xml:19:19-50
35        <activity android:name="com.example.jara_dreamfairy.Character_status_Activity" />
35-->src\main\AndroidManifest.xml:20:9-62
35-->src\main\AndroidManifest.xml:20:19-60
36        <activity android:name="com.example.jara_dreamfairy.Splash_activity" >
36-->src\main\AndroidManifest.xml:21:9-28:20
36-->src\main\AndroidManifest.xml:22:13-44
37            <intent-filter>
37-->src\main\AndroidManifest.xml:23:13-27:29
38                <action android:name="android.intent.action.MAIN" />
38-->src\main\AndroidManifest.xml:24:17-69
38-->src\main\AndroidManifest.xml:24:25-66
39
40                <category android:name="android.intent.category.LAUNCHER" />
40-->src\main\AndroidManifest.xml:26:17-77
40-->src\main\AndroidManifest.xml:26:27-74
41            </intent-filter>
42        </activity>
43        <activity
43-->[com.google.firebase:firebase-auth:20.0.0] AndroidManifest.xml:27:9-34:50
44            android:name="com.google.firebase.auth.internal.FederatedSignInActivity"
44-->[com.google.firebase:firebase-auth:20.0.0] AndroidManifest.xml:28:13-85
45            android:excludeFromRecents="true"
45-->[com.google.firebase:firebase-auth:20.0.0] AndroidManifest.xml:29:13-46
46            android:exported="true"
46-->[com.google.firebase:firebase-auth:20.0.0] AndroidManifest.xml:30:13-36
47            android:launchMode="singleTask"
47-->[com.google.firebase:firebase-auth:20.0.0] AndroidManifest.xml:31:13-44
48            android:permission="com.google.firebase.auth.api.gms.permission.LAUNCH_FEDERATED_SIGN_IN"
48-->[com.google.firebase:firebase-auth:20.0.0] AndroidManifest.xml:32:13-102
49            android:theme="@android:style/Theme.Translucent.NoTitleBar" />
49-->[com.google.firebase:firebase-auth:20.0.0] AndroidManifest.xml:33:13-72
50        <activity
50-->[com.google.firebase:firebase-auth:20.0.0] AndroidManifest.xml:35:9-52:20
51            android:name="com.google.firebase.auth.internal.GenericIdpActivity"
51-->[com.google.firebase:firebase-auth:20.0.0] AndroidManifest.xml:36:13-80
52            android:excludeFromRecents="true"
52-->[com.google.firebase:firebase-auth:20.0.0] AndroidManifest.xml:37:13-46
53            android:exported="true"
53-->[com.google.firebase:firebase-auth:20.0.0] AndroidManifest.xml:38:13-36
54            android:launchMode="singleTask"
54-->[com.google.firebase:firebase-auth:20.0.0] AndroidManifest.xml:39:13-44
55            android:theme="@android:style/Theme.Translucent.NoTitleBar" >
55-->[com.google.firebase:firebase-auth:20.0.0] AndroidManifest.xml:40:13-72
56            <intent-filter>
56-->[com.google.firebase:firebase-auth:20.0.0] AndroidManifest.xml:41:13-51:29
57                <action android:name="android.intent.action.VIEW" />
57-->[com.google.firebase:firebase-auth:20.0.0] AndroidManifest.xml:42:17-69
57-->[com.google.firebase:firebase-auth:20.0.0] AndroidManifest.xml:42:25-66
58
59                <category android:name="android.intent.category.DEFAULT" />
59-->[com.google.firebase:firebase-auth:20.0.0] AndroidManifest.xml:44:17-76
59-->[com.google.firebase:firebase-auth:20.0.0] AndroidManifest.xml:44:27-73
60                <category android:name="android.intent.category.BROWSABLE" />
60-->[com.google.firebase:firebase-auth:20.0.0] AndroidManifest.xml:45:17-78
60-->[com.google.firebase:firebase-auth:20.0.0] AndroidManifest.xml:45:27-75
61
62                <data
62-->[com.google.firebase:firebase-auth:20.0.0] AndroidManifest.xml:47:17-50:51
63                    android:host="firebase.auth"
63-->[com.google.firebase:firebase-auth:20.0.0] AndroidManifest.xml:48:21-49
64                    android:path="/"
64-->[com.google.firebase:firebase-auth:20.0.0] AndroidManifest.xml:49:21-37
65                    android:scheme="genericidp" />
65-->[com.google.firebase:firebase-auth:20.0.0] AndroidManifest.xml:50:21-48
66            </intent-filter>
67        </activity>
68        <activity
68-->[com.google.firebase:firebase-auth:20.0.0] AndroidManifest.xml:53:9-70:20
69            android:name="com.google.firebase.auth.internal.RecaptchaActivity"
69-->[com.google.firebase:firebase-auth:20.0.0] AndroidManifest.xml:54:13-79
70            android:excludeFromRecents="true"
70-->[com.google.firebase:firebase-auth:20.0.0] AndroidManifest.xml:55:13-46
71            android:exported="true"
71-->[com.google.firebase:firebase-auth:20.0.0] AndroidManifest.xml:56:13-36
72            android:launchMode="singleTask"
72-->[com.google.firebase:firebase-auth:20.0.0] AndroidManifest.xml:57:13-44
73            android:theme="@android:style/Theme.Translucent.NoTitleBar" >
73-->[com.google.firebase:firebase-auth:20.0.0] AndroidManifest.xml:58:13-72
74            <intent-filter>
74-->[com.google.firebase:firebase-auth:20.0.0] AndroidManifest.xml:59:13-69:29
75                <action android:name="android.intent.action.VIEW" />
75-->[com.google.firebase:firebase-auth:20.0.0] AndroidManifest.xml:42:17-69
75-->[com.google.firebase:firebase-auth:20.0.0] AndroidManifest.xml:42:25-66
76
77                <category android:name="android.intent.category.DEFAULT" />
77-->[com.google.firebase:firebase-auth:20.0.0] AndroidManifest.xml:44:17-76
77-->[com.google.firebase:firebase-auth:20.0.0] AndroidManifest.xml:44:27-73
78                <category android:name="android.intent.category.BROWSABLE" />
78-->[com.google.firebase:firebase-auth:20.0.0] AndroidManifest.xml:45:17-78
78-->[com.google.firebase:firebase-auth:20.0.0] AndroidManifest.xml:45:27-75
79
80                <data
80-->[com.google.firebase:firebase-auth:20.0.0] AndroidManifest.xml:47:17-50:51
81                    android:host="firebase.auth"
81-->[com.google.firebase:firebase-auth:20.0.0] AndroidManifest.xml:48:21-49
82                    android:path="/"
82-->[com.google.firebase:firebase-auth:20.0.0] AndroidManifest.xml:49:21-37
83                    android:scheme="recaptcha" />
83-->[com.google.firebase:firebase-auth:20.0.0] AndroidManifest.xml:50:21-48
84            </intent-filter>
85        </activity>
86
87        <service
87-->[com.google.firebase:firebase-auth:20.0.0] AndroidManifest.xml:72:9-81:19
88            android:name="com.google.firebase.auth.api.fallback.service.FirebaseAuthFallbackService"
88-->[com.google.firebase:firebase-auth:20.0.0] AndroidManifest.xml:73:13-101
89            android:enabled="true"
89-->[com.google.firebase:firebase-auth:20.0.0] AndroidManifest.xml:74:13-35
90            android:exported="false" >
90-->[com.google.firebase:firebase-auth:20.0.0] AndroidManifest.xml:75:13-37
91            <intent-filter>
91-->[com.google.firebase:firebase-auth:20.0.0] AndroidManifest.xml:76:13-80:29
92                <action android:name="com.google.firebase.auth.api.gms.service.START" />
92-->[com.google.firebase:firebase-auth:20.0.0] AndroidManifest.xml:77:17-89
92-->[com.google.firebase:firebase-auth:20.0.0] AndroidManifest.xml:77:25-86
93
94                <category android:name="android.intent.category.DEFAULT" />
94-->[com.google.firebase:firebase-auth:20.0.0] AndroidManifest.xml:44:17-76
94-->[com.google.firebase:firebase-auth:20.0.0] AndroidManifest.xml:44:27-73
95            </intent-filter>
96        </service>
97        <service
97-->[com.google.firebase:firebase-auth:20.0.0] AndroidManifest.xml:82:9-88:19
98            android:name="com.google.firebase.components.ComponentDiscoveryService"
98-->[com.google.firebase:firebase-auth:20.0.0] AndroidManifest.xml:83:13-84
99            android:directBootAware="true"
99-->[com.google.firebase:firebase-common:19.3.1] AndroidManifest.xml:35:13-43
100            android:exported="false" >
100-->[com.google.firebase:firebase-auth:20.0.0] AndroidManifest.xml:84:13-37
101            <meta-data
101-->[com.google.firebase:firebase-auth:20.0.0] AndroidManifest.xml:85:13-87:85
102                android:name="com.google.firebase.components:com.google.firebase.auth.FirebaseAuthRegistrar"
102-->[com.google.firebase:firebase-auth:20.0.0] AndroidManifest.xml:86:17-109
103                android:value="com.google.firebase.components.ComponentRegistrar" />
103-->[com.google.firebase:firebase-auth:20.0.0] AndroidManifest.xml:87:17-82
104            <meta-data
104-->[com.google.firebase:firebase-config:20.0.0] AndroidManifest.xml:32:13-34:85
105                android:name="com.google.firebase.components:com.google.firebase.remoteconfig.RemoteConfigRegistrar"
105-->[com.google.firebase:firebase-config:20.0.0] AndroidManifest.xml:33:17-117
106                android:value="com.google.firebase.components.ComponentRegistrar" />
106-->[com.google.firebase:firebase-config:20.0.0] AndroidManifest.xml:34:17-82
107            <meta-data
107-->[com.google.firebase:firebase-database:19.5.1] AndroidManifest.xml:32:13-34:85
108                android:name="com.google.firebase.components:com.google.firebase.database.DatabaseRegistrar"
108-->[com.google.firebase:firebase-database:19.5.1] AndroidManifest.xml:33:17-109
109                android:value="com.google.firebase.components.ComponentRegistrar" />
109-->[com.google.firebase:firebase-database:19.5.1] AndroidManifest.xml:34:17-82
110            <meta-data
110-->[com.google.firebase:firebase-messaging:21.0.0] AndroidManifest.xml:39:13-41:85
111                android:name="com.google.firebase.components:com.google.firebase.messaging.FirebaseMessagingRegistrar"
111-->[com.google.firebase:firebase-messaging:21.0.0] AndroidManifest.xml:40:17-119
112                android:value="com.google.firebase.components.ComponentRegistrar" />
112-->[com.google.firebase:firebase-messaging:21.0.0] AndroidManifest.xml:41:17-82
113            <meta-data
113-->[com.google.firebase:firebase-iid:21.0.0] AndroidManifest.xml:32:13-34:85
114                android:name="com.google.firebase.components:com.google.firebase.iid.Registrar"
114-->[com.google.firebase:firebase-iid:21.0.0] AndroidManifest.xml:33:17-96
115                android:value="com.google.firebase.components.ComponentRegistrar" />
115-->[com.google.firebase:firebase-iid:21.0.0] AndroidManifest.xml:34:17-82
116            <meta-data
116-->[com.google.firebase:firebase-abt:20.0.0] AndroidManifest.xml:13:13-15:85
117                android:name="com.google.firebase.components:com.google.firebase.abt.component.AbtRegistrar"
117-->[com.google.firebase:firebase-abt:20.0.0] AndroidManifest.xml:14:17-109
118                android:value="com.google.firebase.components.ComponentRegistrar" />
118-->[com.google.firebase:firebase-abt:20.0.0] AndroidManifest.xml:15:17-82
119            <meta-data
119-->[com.google.firebase:firebase-installations:16.3.3] AndroidManifest.xml:17:13-19:85
120                android:name="com.google.firebase.components:com.google.firebase.installations.FirebaseInstallationsRegistrar"
120-->[com.google.firebase:firebase-installations:16.3.3] AndroidManifest.xml:18:17-127
121                android:value="com.google.firebase.components.ComponentRegistrar" />
121-->[com.google.firebase:firebase-installations:16.3.3] AndroidManifest.xml:19:17-82
122            <meta-data
122-->[com.google.firebase:firebase-datatransport:17.0.3] AndroidManifest.xml:28:13-30:85
123                android:name="com.google.firebase.components:com.google.firebase.datatransport.TransportRegistrar"
123-->[com.google.firebase:firebase-datatransport:17.0.3] AndroidManifest.xml:29:17-115
124                android:value="com.google.firebase.components.ComponentRegistrar" />
124-->[com.google.firebase:firebase-datatransport:17.0.3] AndroidManifest.xml:30:17-82
125        </service>
126        <!--
127             FirebaseMessagingService performs security checks at runtime,
128             but set to not exported to explicitly avoid allowing another app to call it.
129        -->
130        <service
130-->[com.google.firebase:firebase-messaging:21.0.0] AndroidManifest.xml:28:9-35:19
131            android:name="com.google.firebase.messaging.FirebaseMessagingService"
131-->[com.google.firebase:firebase-messaging:21.0.0] AndroidManifest.xml:29:13-82
132            android:directBootAware="true"
132-->[com.google.firebase:firebase-messaging:21.0.0] AndroidManifest.xml:30:13-43
133            android:exported="false" >
133-->[com.google.firebase:firebase-messaging:21.0.0] AndroidManifest.xml:31:13-37
134            <intent-filter android:priority="-500" >
134-->[com.google.firebase:firebase-messaging:21.0.0] AndroidManifest.xml:32:13-34:29
134-->[com.google.firebase:firebase-messaging:21.0.0] AndroidManifest.xml:32:28-51
135                <action android:name="com.google.firebase.MESSAGING_EVENT" />
135-->[com.google.firebase:firebase-messaging:21.0.0] AndroidManifest.xml:33:17-78
135-->[com.google.firebase:firebase-messaging:21.0.0] AndroidManifest.xml:33:25-75
136            </intent-filter>
137        </service>
138
139        <receiver
139-->[com.google.firebase:firebase-iid:21.0.0] AndroidManifest.xml:37:9-44:20
140            android:name="com.google.firebase.iid.FirebaseInstanceIdReceiver"
140-->[com.google.firebase:firebase-iid:21.0.0] AndroidManifest.xml:38:13-78
141            android:exported="true"
141-->[com.google.firebase:firebase-iid:21.0.0] AndroidManifest.xml:39:13-36
142            android:permission="com.google.android.c2dm.permission.SEND" >
142-->[com.google.firebase:firebase-iid:21.0.0] AndroidManifest.xml:40:13-73
143            <intent-filter>
143-->[com.google.firebase:firebase-iid:21.0.0] AndroidManifest.xml:41:13-43:29
144                <action android:name="com.google.android.c2dm.intent.RECEIVE" />
144-->[com.google.firebase:firebase-iid:21.0.0] AndroidManifest.xml:42:17-81
144-->[com.google.firebase:firebase-iid:21.0.0] AndroidManifest.xml:42:25-78
145            </intent-filter>
146        </receiver>
147
148        <activity
148-->[com.google.android.gms:play-services-base:17.1.0] AndroidManifest.xml:23:9-26:75
149            android:name="com.google.android.gms.common.api.GoogleApiActivity"
149-->[com.google.android.gms:play-services-base:17.1.0] AndroidManifest.xml:24:13-79
150            android:exported="false"
150-->[com.google.android.gms:play-services-base:17.1.0] AndroidManifest.xml:25:13-37
151            android:theme="@android:style/Theme.Translucent.NoTitleBar" />
151-->[com.google.android.gms:play-services-base:17.1.0] AndroidManifest.xml:26:13-72
152
153        <provider
153-->[com.google.firebase:firebase-common:19.3.1] AndroidManifest.xml:26:9-31:39
154            android:name="com.google.firebase.provider.FirebaseInitProvider"
154-->[com.google.firebase:firebase-common:19.3.1] AndroidManifest.xml:27:13-77
155            android:authorities="com.example.jara_dreamfairy.firebaseinitprovider"
155-->[com.google.firebase:firebase-common:19.3.1] AndroidManifest.xml:28:13-72
156            android:directBootAware="true"
156-->[com.google.firebase:firebase-common:19.3.1] AndroidManifest.xml:29:13-43
157            android:exported="false"
157-->[com.google.firebase:firebase-common:19.3.1] AndroidManifest.xml:30:13-37
158            android:initOrder="100" />
158-->[com.google.firebase:firebase-common:19.3.1] AndroidManifest.xml:31:13-36
159
160        <meta-data
160-->[com.google.android.gms:play-services-basement:17.2.1] AndroidManifest.xml:23:9-25:69
161            android:name="com.google.android.gms.version"
161-->[com.google.android.gms:play-services-basement:17.2.1] AndroidManifest.xml:24:13-58
162            android:value="@integer/google_play_services_version" />
162-->[com.google.android.gms:play-services-basement:17.2.1] AndroidManifest.xml:25:13-66
163
164        <service
164-->[com.google.android.datatransport:transport-backend-cct:2.2.0] AndroidManifest.xml:29:9-35:19
165            android:name="com.google.android.datatransport.runtime.backends.TransportBackendDiscovery"
165-->[com.google.android.datatransport:transport-backend-cct:2.2.0] AndroidManifest.xml:30:13-103
166            android:exported="false" >
166-->[com.google.android.datatransport:transport-backend-cct:2.2.0] AndroidManifest.xml:31:13-37
167            <meta-data
167-->[com.google.android.datatransport:transport-backend-cct:2.2.0] AndroidManifest.xml:32:13-34:39
168                android:name="backend:com.google.android.datatransport.cct.CctBackendFactory"
168-->[com.google.android.datatransport:transport-backend-cct:2.2.0] AndroidManifest.xml:33:17-94
169                android:value="cct" />
169-->[com.google.android.datatransport:transport-backend-cct:2.2.0] AndroidManifest.xml:34:17-36
170        </service>
171        <service
171-->[com.google.android.datatransport:transport-runtime:2.2.0] AndroidManifest.xml:26:9-30:19
172            android:name="com.google.android.datatransport.runtime.scheduling.jobscheduling.JobInfoSchedulerService"
172-->[com.google.android.datatransport:transport-runtime:2.2.0] AndroidManifest.xml:27:13-117
173            android:exported="false"
173-->[com.google.android.datatransport:transport-runtime:2.2.0] AndroidManifest.xml:28:13-37
174            android:permission="android.permission.BIND_JOB_SERVICE" >
174-->[com.google.android.datatransport:transport-runtime:2.2.0] AndroidManifest.xml:29:13-69
175        </service>
176
177        <receiver
177-->[com.google.android.datatransport:transport-runtime:2.2.0] AndroidManifest.xml:32:9-34:40
178            android:name="com.google.android.datatransport.runtime.scheduling.jobscheduling.AlarmManagerSchedulerBroadcastReceiver"
178-->[com.google.android.datatransport:transport-runtime:2.2.0] AndroidManifest.xml:33:13-132
179            android:exported="false" />
179-->[com.google.android.datatransport:transport-runtime:2.2.0] AndroidManifest.xml:34:13-37
180    </application>
181
182</manifest>